<?xml version="1.0" encoding="UTF-8"?>
<!-- Generated by org.testng.reporters.JUnitReportReporter -->
<testsuite skipped="0" hostname="DESKTOP-MC1O08I" name="org.test.Test1" tests="3" failures="0" timestamp="17 Jan 2022 11:34:36 GMT" time="0.014" errors="0">
  <testcase name="b1" time="0.010" classname="org.test.Test1"/>
  <testcase name="c1" time="0.002" classname="org.test.Test1"/>
  <testcase name="a1" time="0.002" classname="org.test.Test1"/>
</testsuite> <!-- org.test.Test1 -->
