<?xml version="1.0" encoding="UTF-8"?>
<!-- Generated by org.testng.reporters.JUnitReportReporter -->
<testsuite skipped="0" hostname="DESKTOP-MC1O08I" name="org.test.Test3" tests="1" failures="0" timestamp="18 Jan 2022 05:38:45 GMT" time="11.468" errors="0">
  <testcase name="a3" time="11.468" classname="org.test.Test3"/>
</testsuite> <!-- org.test.Test3 -->
