<?xml version="1.0" encoding="UTF-8"?>
<!-- Generated by org.testng.reporters.JUnitReportReporter -->
<testsuite skipped="0" hostname="DESKTOP-MC1O08I" name="org.test.TestNgFirst" tests="3" failures="0" timestamp="17 Jan 2022 11:19:33 GMT" time="0.004" errors="0">
  <testcase name="c" time="0.002" classname="org.test.TestNgFirst"/>
  <testcase name="a" time="0.001" classname="org.test.TestNgFirst"/>
  <testcase name="b" time="0.001" classname="org.test.TestNgFirst"/>
</testsuite> <!-- org.test.TestNgFirst -->
