<?xml version="1.0" encoding="UTF-8"?>
<!-- Generated by org.testng.reporters.JUnitReportReporter -->
<testsuite skipped="0" hostname="DESKTOP-MC1O08I" name="org.test.Test2" tests="3" failures="0" timestamp="17 Jan 2022 11:34:36 GMT" time="0.005" errors="0">
  <testcase name="b2" time="0.002" classname="org.test.Test2"/>
  <testcase name="c2" time="0.001" classname="org.test.Test2"/>
  <testcase name="a2" time="0.002" classname="org.test.Test2"/>
</testsuite> <!-- org.test.Test2 -->
